{"level":"error","message":"RUTA: /sdas - MÉTODO: GET - ERROR"}
{"level":"error","message":"RUTA: /sdas - MÉTODO: GET - ERROR"}
{"level":"error","message":"RUTA: /hola - MÉTODO: GET - ERROR"}
{"level":"error","message":"RUTA: /favicon.ico - MÉTODO: GET - ERROR"}
{"level":"warn","message":"RUTA: /favicon.ico - MÉTODO: GET - ERROR"}
{"level":"warn","message":"RUTA: /sadasd - MÉTODO: GET - ERROR"}
{"level":"warn","message":"RUTA: /dads - MÉTODO: GET - ERROR"}
{"level":"warn","message":"RUTA: /asdasd - MÉTODO: GET - RUTA INEXISTENTE"}
{"level":"warn","message":"RUTA: /sadasd - MÉTODO: GET - RUTA INEXISTENTE"}
{"level":"warn","message":"RUTA: /favicon.ico - MÉTODO: GET - RUTA INEXISTENTE"}
{"level":"warn","message":"RUTA: /favicon.ico - MÉTODO: GET - RUTA INEXISTENTE"}
{"level":"warn","message":"RUTA: /favicon.ico - MÉTODO: GET - RUTA INEXISTENTE"}
{"level":"warn","message":"RUTA: /favicon.ico - MÉTODO: GET - RUTA INEXISTENTE"}
{"level":"warn","message":"RUTA: /favicon.ico - MÉTODO: GET - RUTA INEXISTENTE"}
{"code":"ECONNREFUSED","config":{"headers":{"Accept":"application/json, text/plain, */*","User-Agent":"axios/0.26.0"},"maxBodyLength":-1,"maxContentLength":-1,"method":"get","timeout":0,"transformRequest":[null],"transformResponse":[null],"transitional":{"clarifyTimeoutError":false,"forcedJSONParsing":true,"silentJSONParsing":true},"url":"/api/productos","xsrfCookieName":"XSRF-TOKEN","xsrfHeaderName":"X-XSRF-TOKEN"},"message":"connect ECONNREFUSED 127.0.0.1:80","name":"Error","stack":"Error: connect ECONNREFUSED 127.0.0.1:80\n    at TCPConnectWrap.afterConnect [as oncomplete] (node:net:1161:16)","status":null}
{"code":"ECONNREFUSED","config":{"headers":{"Accept":"application/json, text/plain, */*","User-Agent":"axios/0.26.0"},"maxBodyLength":-1,"maxContentLength":-1,"method":"get","timeout":0,"transformRequest":[null],"transformResponse":[null],"transitional":{"clarifyTimeoutError":false,"forcedJSONParsing":true,"silentJSONParsing":true},"url":"/api/productos","xsrfCookieName":"XSRF-TOKEN","xsrfHeaderName":"X-XSRF-TOKEN"},"message":"connect ECONNREFUSED 127.0.0.1:80","name":"Error","stack":"Error: connect ECONNREFUSED 127.0.0.1:80\n    at TCPConnectWrap.afterConnect [as oncomplete] (node:net:1161:16)","status":null}
{"config":{"data":"{\"price\":12000}","headers":{"Accept":"application/json, text/plain, */*","Content-Length":15,"Content-Type":"application/json","User-Agent":"axios/0.26.0"},"maxBodyLength":-1,"maxContentLength":-1,"method":"post","timeout":0,"transformRequest":[null],"transformResponse":[null],"transitional":{"clarifyTimeoutError":false,"forcedJSONParsing":true,"silentJSONParsing":true},"url":"http://localhost:8080/api/productos/620ed5bbb5f30c1b87890123","xsrfCookieName":"XSRF-TOKEN","xsrfHeaderName":"X-XSRF-TOKEN"},"message":"Request failed with status code 404","name":"Error","stack":"Error: Request failed with status code 404\n    at createError (C:\\Users\\Matt\\Desktop\\misCursos\\Programacion Backend\\clase-41\\entregable-clase-42\\node_modules\\axios\\lib\\core\\createError.js:16:15)\n    at settle (C:\\Users\\Matt\\Desktop\\misCursos\\Programacion Backend\\clase-41\\entregable-clase-42\\node_modules\\axios\\lib\\core\\settle.js:17:12)\n    at IncomingMessage.handleStreamEnd (C:\\Users\\Matt\\Desktop\\misCursos\\Programacion Backend\\clase-41\\entregable-clase-42\\node_modules\\axios\\lib\\adapters\\http.js:322:11)\n    at IncomingMessage.emit (node:events:402:35)\n    at endReadableNT (node:internal/streams/readable:1343:12)\n    at processTicksAndRejections (node:internal/process/task_queues:83:21)","status":404}
{"level":"warn","message":"RUTA: /favicon.ico - MÉTODO: GET - RUTA INEXISTENTE"}
{"level":"warn","message":"RUTA: /favicon.ico - MÉTODO: GET - RUTA INEXISTENTE"}
{"level":"warn","message":"RUTA: /Hola%20Mundo - MÉTODO: GET - RUTA INEXISTENTE"}
{"level":"warn","message":"RUTA: /Hola%20Mundo - MÉTODO: GET - RUTA INEXISTENTE"}
{"level":"warn","message":"RUTA: /Hola%20Mundo - MÉTODO: GET - RUTA INEXISTENTE"}
{"level":"warn","message":"RUTA: /Hola%20Mundo - MÉTODO: GET - RUTA INEXISTENTE"}
{"level":"warn","message":"RUTA: /favicon.ico - MÉTODO: GET - RUTA INEXISTENTE"}
{"level":"warn","message":"RUTA: /Hola%20Mundo - MÉTODO: GET - RUTA INEXISTENTE"}
{"level":"warn","message":"RUTA: /Hola%20Mundo - MÉTODO: GET - RUTA INEXISTENTE"}
{"level":"warn","message":"RUTA: /Hola%20Mundo - MÉTODO: GET - RUTA INEXISTENTE"}
{"level":"warn","message":"RUTA: /Hola%20Mundo - MÉTODO: GET - RUTA INEXISTENTE"}
{"level":"warn","message":"RUTA: /Hola%20Mundo - MÉTODO: GET - RUTA INEXISTENTE"}
{"level":"warn","message":"RUTA: /Hola%20Mundo - MÉTODO: GET - RUTA INEXISTENTE"}
{"level":"warn","message":"RUTA: /Hola%20Mundo - MÉTODO: GET - RUTA INEXISTENTE"}
{"level":"warn","message":"RUTA: /Hola%20Mundo - MÉTODO: GET - RUTA INEXISTENTE"}
{"level":"warn","message":"RUTA: /Hola%20Mundo - MÉTODO: GET - RUTA INEXISTENTE"}
{"level":"warn","message":"RUTA: /Hola - MÉTODO: GET - RUTA INEXISTENTE"}
{"level":"warn","message":"RUTA: /Hola - MÉTODO: GET - RUTA INEXISTENTE"}
{"level":"warn","message":"RUTA: /Hola - MÉTODO: GET - RUTA INEXISTENTE"}
{"level":"warn","message":"RUTA: /Hola - MÉTODO: GET - RUTA INEXISTENTE"}
{"level":"warn","message":"RUTA: /Hola - MÉTODO: GET - RUTA INEXISTENTE"}
{"level":"warn","message":"RUTA: /Hola - MÉTODO: GET - RUTA INEXISTENTE"}
{"level":"warn","message":"RUTA: /Hola - MÉTODO: GET - RUTA INEXISTENTE"}
{"level":"warn","message":"RUTA: /Hola - MÉTODO: GET - RUTA INEXISTENTE"}
{"level":"warn","message":"RUTA: /Hola - MÉTODO: GET - RUTA INEXISTENTE"}
{"level":"warn","message":"RUTA: /Hola - MÉTODO: GET - RUTA INEXISTENTE"}
{"level":"warn","message":"RUTA: /Hola - MÉTODO: GET - RUTA INEXISTENTE"}
{"level":"warn","message":"RUTA: /Hola - MÉTODO: GET - RUTA INEXISTENTE"}
{"level":"warn","message":"RUTA: /Hola - MÉTODO: GET - RUTA INEXISTENTE"}
{"level":"warn","message":"RUTA: /Hola - MÉTODO: GET - RUTA INEXISTENTE"}
{"level":"warn","message":"RUTA: /hola - MÉTODO: GET - RUTA INEXISTENTE"}
{"level":"warn","message":"RUTA: /hola - MÉTODO: GET - RUTA INEXISTENTE"}
{"level":"warn","message":"RUTA: /login - MÉTODO: GET - RUTA INEXISTENTE"}
{"level":"warn","message":"RUTA: /login - MÉTODO: GET - RUTA INEXISTENTE"}
{"level":"warn","message":"RUTA: /favicon.ico - MÉTODO: GET - RUTA INEXISTENTE"}
{"level":"warn","message":"RUTA: /asdasdasd - MÉTODO: GET - RUTA INEXISTENTE"}
{"level":"warn","message":"RUTA: /favicon.ico - MÉTODO: GET - RUTA INEXISTENTE"}
{"level":"warn","message":"RUTA: /asdasdasd - MÉTODO: GET - RUTA INEXISTENTE"}
{"level":"warn","message":"RUTA: /asdasdasd - MÉTODO: GET - RUTA INEXISTENTE"}
{"level":"warn","message":"RUTA: /favicon.ico - MÉTODO: GET - RUTA INEXISTENTE"}
